{"level":"error","message":"PATH:/api/users/6372422090ba2a6587e78ca8 - METHOD:DELETE - ERROR:TypeError: Cannot read properties of null (reading 'cart')"}
{"level":"error","message":"PATH:/api/cart/users - METHOD:GET - ERROR:CastError: Cast to ObjectId failed for value \"users\" (type string) at path \"_id\" for model \"Carts\""}
{"level":"error","message":"PATH:/api/users/adsadasdasdasd - METHOD:GET - ERROR:CastError: Cast to ObjectId failed for value \"adsadasdasdasd\" (type string) at path \"_id\" for model \"Users\""}
{"level":"error","message":"PATH:/api/users/undefined - METHOD:DELETE - ERROR:CastError: Cast to ObjectId failed for value \"undefined\" (type string) at path \"_id\" for model \"Users\""}
{"level":"error","message":"PATH:/api/users/undefined - METHOD:GET - ERROR:CastError: Cast to ObjectId failed for value \"undefined\" (type string) at path \"_id\" for model \"Users\""}
{"level":"error","message":"PATH:/api/cart/6374dad0baf2258995053b89/products - METHOD:POST - ERROR:TypeError: productService.getProducts is not a function"}
{"level":"error","message":"PATH:/api/cart/6374dad0baf2258995053b89/products - METHOD:POST - ERROR:SyntaxError: Unexpected token c in JSON at position 9"}
{"level":"error","message":"PATH:/api/cart/6374dad0baf2258995053b89/products - METHOD:POST - ERROR:MongoServerError: Performing an update on the path '_id' would modify the immutable field '_id'"}
{"level":"error","message":"PATH:/api/cart/6374dad0baf2258995053b89/products - METHOD:POST - ERROR:MongoServerError: Performing an update on the path '_id' would modify the immutable field '_id'"}
{"level":"error","message":"PATH:/api/cart/6374dad0baf2258995053b89/products - METHOD:POST - ERROR:MongoServerError: Performing an update on the path '_id' would modify the immutable field '_id'"}
{"level":"error","message":"PATH:/api/cart/6374dad0baf2258995053b89/products - METHOD:POST - ERROR:Stock no disponible"}
{"level":"error","message":"PATH:/api/cart/6374dad0baf2258995053b89/products - METHOD:POST - ERROR:Stock no disponible"}
{"level":"error","message":"PATH:/api/cart/6374dad0baf2258995053b89/products - METHOD:POST - ERROR:Stock no disponible"}
{"level":"error","message":"PATH:/api/cart/6374dad0baf2258995053b89/products/62e583824c38f1a5679adcd6 - METHOD:POST - ERROR:ReferenceError: data is not defined"}
{"level":"error","message":"PATH:/api/users/undefined - METHOD:PUT - ERROR:CastError: Cast to ObjectId failed for value \"undefined\" (type string) at path \"_id\" for model \"Users\""}
{"level":"error","message":"PATH:/api/products/undefined - METHOD:GET - ERROR:CastError: Cast to ObjectId failed for value \"undefined\" (type string) at path \"_id\" for model \"Products\""}
{"level":"error","message":"PATH:/api/products/undefined - METHOD:PUT - ERROR:CastError: Cast to ObjectId failed for value \"undefined\" (type string) at path \"_id\" for model \"Products\""}
{"level":"error","message":"PATH:/api/cart/undefined/products - METHOD:GET - ERROR:CastError: Cast to ObjectId failed for value \"undefined\" (type string) at path \"_id\" for model \"Carts\""}
{"level":"error","message":"PATH:/api/cart/undefined/products - METHOD:POST - ERROR:CastError: Cast to ObjectId failed for value \"undefined\" (type string) at path \"_id\" for model \"Carts\""}
{"level":"error","message":"PATH:/api/cart/undefined/products/undefined - METHOD:POST - ERROR:CastError: Cast to ObjectId failed for value \"undefined\" (type string) at path \"_id\" for model \"Carts\""}
{"level":"error","message":"PATH:/api/cart/undefined - METHOD:POST - ERROR:CastError: Cast to ObjectId failed for value \"undefined\" (type string) at path \"_id\" for model \"Carts\""}
{"level":"error","message":"PATH:/api/products/undefined - METHOD:DELETE - ERROR:CastError: Cast to ObjectId failed for value \"undefined\" (type string) at path \"_id\" for model \"Products\""}
{"level":"error","message":"PATH:/api/cart/undefined - METHOD:DELETE - ERROR:CastError: Cast to ObjectId failed for value \"undefined\" (type string) at path \"_id\" for model \"Carts\""}
{"level":"error","message":"PATH:/api/users/undefined - METHOD:DELETE - ERROR:CastError: Cast to ObjectId failed for value \"undefined\" (type string) at path \"_id\" for model \"Users\""}
{"level":"error","message":"PATH:/api/users/undefined - METHOD:GET - ERROR:CastError: Cast to ObjectId failed for value \"undefined\" (type string) at path \"_id\" for model \"Users\""}
{"level":"error","message":"PATH:/api/users/undefined - METHOD:GET - ERROR:CastError: Cast to ObjectId failed for value \"undefined\" (type string) at path \"_id\" for model \"Users\""}
{"level":"error","message":"PATH:/api/users/undefined - METHOD:PUT - ERROR:CastError: Cast to ObjectId failed for value \"undefined\" (type string) at path \"_id\" for model \"Users\""}
{"level":"error","message":"PATH:/api/products/undefined - METHOD:GET - ERROR:CastError: Cast to ObjectId failed for value \"undefined\" (type string) at path \"_id\" for model \"Products\""}
{"level":"error","message":"PATH:/api/products/undefined - METHOD:PUT - ERROR:CastError: Cast to ObjectId failed for value \"undefined\" (type string) at path \"_id\" for model \"Products\""}
{"level":"error","message":"PATH:/api/cart/undefined/products - METHOD:GET - ERROR:CastError: Cast to ObjectId failed for value \"undefined\" (type string) at path \"_id\" for model \"Carts\""}
{"level":"error","message":"PATH:/api/cart/undefined/products - METHOD:POST - ERROR:CastError: Cast to ObjectId failed for value \"undefined\" (type string) at path \"_id\" for model \"Carts\""}
{"level":"error","message":"PATH:/api/cart/undefined/products/undefined - METHOD:POST - ERROR:CastError: Cast to ObjectId failed for value \"undefined\" (type string) at path \"_id\" for model \"Carts\""}
{"level":"error","message":"PATH:/api/cart/undefined - METHOD:POST - ERROR:CastError: Cast to ObjectId failed for value \"undefined\" (type string) at path \"_id\" for model \"Carts\""}
{"level":"error","message":"PATH:/api/products/undefined - METHOD:DELETE - ERROR:CastError: Cast to ObjectId failed for value \"undefined\" (type string) at path \"_id\" for model \"Products\""}
{"level":"error","message":"PATH:/api/cart/undefined - METHOD:DELETE - ERROR:CastError: Cast to ObjectId failed for value \"undefined\" (type string) at path \"_id\" for model \"Carts\""}
{"level":"error","message":"PATH:/api/users/undefined - METHOD:DELETE - ERROR:CastError: Cast to ObjectId failed for value \"undefined\" (type string) at path \"_id\" for model \"Users\""}
{"level":"error","message":"PATH:/api/users/undefined - METHOD:GET - ERROR:CastError: Cast to ObjectId failed for value \"undefined\" (type string) at path \"_id\" for model \"Users\""}
{"level":"error","message":"PATH:/api/users/undefined - METHOD:GET - ERROR:CastError: Cast to ObjectId failed for value \"undefined\" (type string) at path \"_id\" for model \"Users\""}
{"level":"error","message":"PATH:/api/products/undefined - METHOD:GET - ERROR:CastError: Cast to ObjectId failed for value \"undefined\" (type string) at path \"_id\" for model \"Products\""}
{"level":"error","message":"PATH:/api/products/undefined - METHOD:GET - ERROR:CastError: Cast to ObjectId failed for value \"undefined\" (type string) at path \"_id\" for model \"Products\""}
{"level":"error","message":"PATH:/api/cart/undefined/products - METHOD:GET - ERROR:CastError: Cast to ObjectId failed for value \"undefined\" (type string) at path \"_id\" for model \"Carts\""}
